d:\consoleapplication1\3\3\debug\vc120.pdb
d:\consoleapplication1\3\3\debug\vc120.idb
d:\consoleapplication1\3\3\debug\3.obj
d:\consoleapplication1\3\3\debug\3（小数）.obj
d:\consoleapplication1\3\debug\3.pdb
d:\consoleapplication1\3\3\debug\3.tlog\cl.command.1.tlog
d:\consoleapplication1\3\3\debug\3.tlog\cl.read.1.tlog
d:\consoleapplication1\3\3\debug\3.tlog\cl.write.1.tlog
d:\consoleapplication1\3\3\debug\3.tlog\link-cvtres.read.1.tlog
d:\consoleapplication1\3\3\debug\3.tlog\link-cvtres.write.1.tlog
d:\consoleapplication1\3\3\debug\3.tlog\link-rc.read.1.tlog
d:\consoleapplication1\3\3\debug\3.tlog\link-rc.write.1.tlog
d:\consoleapplication1\3\3\debug\3.tlog\link.36548-cvtres.read.1.tlog
d:\consoleapplication1\3\3\debug\3.tlog\link.36548-cvtres.write.1.tlog
d:\consoleapplication1\3\3\debug\3.tlog\link.36548-rc.read.1.tlog
d:\consoleapplication1\3\3\debug\3.tlog\link.36548-rc.write.1.tlog
d:\consoleapplication1\3\3\debug\3.tlog\link.36548.read.1.tlog
d:\consoleapplication1\3\3\debug\3.tlog\link.36548.write.1.tlog
d:\consoleapplication1\3\3\debug\3.tlog\link.command.1.tlog
d:\consoleapplication1\3\3\debug\3.tlog\link.read.1.tlog
d:\consoleapplication1\3\3\debug\3.tlog\link.write.1.tlog
